2016-09-18 00:08:11,712 [Thread-2:6844] [django.request:182] [base:get_response] [WARNING]- Not Found: /blog/
2016-09-18 00:08:18,501 [Thread-3:5240] [django.request:182] [base:get_response] [WARNING]- Not Found: /blog
2016-09-18 00:08:19,633 [Thread-5:6232] [django.request:182] [base:get_response] [WARNING]- Not Found: /ad/201609/1-1.jpg
2016-09-18 00:08:19,634 [Thread-6:6628] [django.request:182] [base:get_response] [WARNING]- Not Found: /ad/201609/1-2.jpg
2016-09-18 00:08:19,635 [Thread-7:1236] [django.request:182] [base:get_response] [WARNING]- Not Found: /ad/201609/1-3.jpg
2016-09-18 00:08:19,651 [Thread-8:6496] [django.request:182] [base:get_response] [WARNING]- Not Found: /ad/201609/1-4.jpg
2016-09-18 00:08:19,675 [Thread-10:5964] [django.request:182] [base:get_response] [WARNING]- Not Found: /test/15.jpg
2016-09-18 00:08:19,689 [Thread-9:4032] [django.request:182] [base:get_response] [WARNING]- Not Found: /test/yzm.jpg
2016-09-18 00:10:30,684 [Thread-19:5864] [django.request:182] [base:get_response] [WARNING]- Not Found: /ad/201609/1-1.jpg
2016-09-18 00:10:30,687 [Thread-20:6420] [django.request:182] [base:get_response] [WARNING]- Not Found: /ad/201609/1-2.jpg
2016-09-18 00:10:30,690 [Thread-21:6424] [django.request:182] [base:get_response] [WARNING]- Not Found: /ad/201609/1-3.jpg
2016-09-18 00:10:30,701 [Thread-22:4436] [django.request:182] [base:get_response] [WARNING]- Not Found: /ad/201609/1-4.jpg
2016-09-18 00:10:30,818 [Thread-35:6868] [django.request:182] [base:get_response] [WARNING]- Not Found: /test/yzm.jpg
2016-09-18 00:10:30,834 [Thread-36:3496] [django.request:182] [base:get_response] [WARNING]- Not Found: /test/15.jpg
2016-09-18 00:11:31,475 [Thread-20:6960] [django.request:182] [base:get_response] [WARNING]- Not Found: /ad/201609/1-2.jpg
2016-09-18 00:11:31,478 [Thread-19:1884] [django.request:182] [base:get_response] [WARNING]- Not Found: /ad/201609/1-1.jpg
2016-09-18 00:11:31,484 [Thread-21:6996] [django.request:182] [base:get_response] [WARNING]- Not Found: /ad/201609/1-3.jpg
2016-09-18 00:11:31,493 [Thread-22:6232] [django.request:182] [base:get_response] [WARNING]- Not Found: /ad/201609/1-4.jpg
2016-09-18 00:11:31,567 [Thread-35:4736] [django.request:182] [base:get_response] [WARNING]- Not Found: /test/yzm.jpg
2016-09-18 00:11:31,590 [Thread-36:4552] [django.request:182] [base:get_response] [WARNING]- Not Found: /test/15.jpg
2016-09-18 00:12:55,511 [Thread-19:2984] [django.request:182] [base:get_response] [WARNING]- Not Found: /ad/201609/1-1.jpg
2016-09-18 00:12:55,516 [Thread-20:6168] [django.request:182] [base:get_response] [WARNING]- Not Found: /ad/201609/1-2.jpg
2016-09-18 00:12:55,519 [Thread-21:3108] [django.request:182] [base:get_response] [WARNING]- Not Found: /ad/201609/1-3.jpg
2016-09-18 00:12:55,528 [Thread-22:6364] [django.request:182] [base:get_response] [WARNING]- Not Found: /ad/201609/1-4.jpg
2016-09-18 00:12:55,606 [Thread-35:4072] [django.request:182] [base:get_response] [WARNING]- Not Found: /test/yzm.jpg
2016-09-18 00:12:55,612 [Thread-36:5040] [django.request:182] [base:get_response] [WARNING]- Not Found: /test/15.jpg
2016-09-18 00:13:47,471 [Thread-77:6136] [django.request:182] [base:get_response] [WARNING]- Not Found: /test/yzm.jpg
2016-09-18 00:13:47,473 [Thread-78:6116] [django.request:182] [base:get_response] [WARNING]- Not Found: /test/15.jpg
2016-09-18 00:13:53,512 [Thread-119:5920] [django.request:182] [base:get_response] [WARNING]- Not Found: /test/yzm.jpg
2016-09-18 00:13:53,514 [Thread-120:4224] [django.request:182] [base:get_response] [WARNING]- Not Found: /test/15.jpg
2016-09-18 00:14:02,942 [Thread-158:5964] [django.request:182] [base:get_response] [WARNING]- Not Found: /test/yzm.jpg
2016-09-18 00:14:02,961 [Thread-159:4644] [django.request:182] [base:get_response] [WARNING]- Not Found: /test/15.jpg
2016-09-18 00:14:05,073 [Thread-197:6616] [django.request:182] [base:get_response] [WARNING]- Not Found: /test/yzm.jpg
2016-09-18 00:14:05,081 [Thread-198:1952] [django.request:182] [base:get_response] [WARNING]- Not Found: /test/15.jpg
2016-09-18 00:14:25,320 [Thread-236:6232] [django.request:182] [base:get_response] [WARNING]- Not Found: /test/yzm.jpg
2016-09-18 00:14:25,327 [Thread-237:6168] [django.request:182] [base:get_response] [WARNING]- Not Found: /test/15.jpg
2016-09-18 00:15:37,372 [Thread-33:516] [django.request:182] [base:get_response] [WARNING]- Not Found: /test/yzm.jpg
2016-09-18 00:15:37,379 [Thread-34:6764] [django.request:182] [base:get_response] [WARNING]- Not Found: /test/15.jpg
2016-09-18 00:15:38,840 [Thread-43:5404] [django.request:182] [base:get_response] [WARNING]- Not Found: /test/yzm.jpg
2016-09-18 00:15:38,850 [Thread-44:6188] [django.request:182] [base:get_response] [WARNING]- Not Found: /test/15.jpg
2016-09-18 00:15:40,494 [Thread-47:5572] [django.request:182] [base:get_response] [WARNING]- Not Found: /test/yzm.jpg
2016-09-18 00:15:40,495 [Thread-46:6584] [django.request:182] [base:get_response] [WARNING]- Not Found: /test/15.jpg
2016-09-18 00:15:41,301 [Thread-81:1864] [django.request:182] [base:get_response] [WARNING]- Not Found: /test/yzm.jpg
2016-09-18 00:15:41,302 [Thread-82:6852] [django.request:182] [base:get_response] [WARNING]- Not Found: /test/15.jpg
2016-09-18 01:50:28,370 [Thread-120:7636] [django.request:182] [base:get_response] [WARNING]- Not Found: /test/yzm.jpg
2016-09-18 01:50:28,377 [Thread-121:7712] [django.request:182] [base:get_response] [WARNING]- Not Found: /test/15.jpg
2016-09-18 01:50:29,414 [Thread-159:5964] [django.request:182] [base:get_response] [WARNING]- Not Found: /test/yzm.jpg
2016-09-18 01:50:29,417 [Thread-160:7996] [django.request:182] [base:get_response] [WARNING]- Not Found: /test/15.jpg
2016-09-18 01:51:31,843 [Thread-198:5724] [django.request:182] [base:get_response] [WARNING]- Not Found: /test/yzm.jpg
2016-09-18 01:51:31,859 [Thread-199:6828] [django.request:182] [base:get_response] [WARNING]- Not Found: /test/15.jpg
2016-09-18 01:51:34,964 [Thread-35:7504] [django.request:182] [base:get_response] [WARNING]- Not Found: /test/yzm.jpg
2016-09-18 01:51:34,968 [Thread-36:5052] [django.request:182] [base:get_response] [WARNING]- Not Found: /test/15.jpg
2016-09-18 02:03:11,753 [Thread-71:6516] [django.request:182] [base:get_response] [WARNING]- Not Found: /test/yzm.jpg
2016-09-18 02:03:11,759 [Thread-72:7200] [django.request:182] [base:get_response] [WARNING]- Not Found: /test/15.jpg
2016-09-18 02:03:15,003 [Thread-33:7044] [django.request:182] [base:get_response] [WARNING]- Not Found: /test/15.jpg
2016-09-18 02:03:15,010 [Thread-32:6804] [django.request:182] [base:get_response] [WARNING]- Not Found: /test/yzm.jpg
2016-09-18 02:03:18,115 [Thread-65:7148] [django.request:182] [base:get_response] [WARNING]- Not Found: /test/yzm.jpg
2016-09-18 02:03:18,121 [Thread-66:8100] [django.request:182] [base:get_response] [WARNING]- Not Found: /test/15.jpg
